<?xml version="1.0" encoding="UTF-8"?>
<testng-results skipped="0" failed="0" ignored="0" total="1" passed="1">
  <reporter-output>
  </reporter-output>
  <suite name="Default suite" duration-ms="17851" started-at="2019-03-08T13:57:16Z" finished-at="2019-03-08T13:57:34Z">
    <groups>
    </groups>
    <test name="Default test" duration-ms="17851" started-at="2019-03-08T13:57:16Z" finished-at="2019-03-08T13:57:34Z">
      <class name="javascript.MMB2">
        <test-method status="PASS" signature="myclass()[pri:0, instance:javascript.MMB2@56f4468b]" name="myclass" duration-ms="17817" started-at="2019-03-08T13:57:16Z" finished-at="2019-03-08T13:57:34Z">
          <reporter-output>
          </reporter-output>
        </test-method> <!-- myclass -->
      </class> <!-- javascript.MMB2 -->
    </test> <!-- Default test -->
  </suite> <!-- Default suite -->
</testng-results>
